<?xml version="1.0" encoding="UTF-8"?>
<!-- Generated by org.testng.reporters.JUnitReportReporter -->
<testsuite hostname="NaNeNu.local" name="com.test.practice.SeleniumWithJenkins" tests="1" failures="0" timestamp="8 Jun 2016 15:30:49 GMT" time="2.941" errors="0">
  <testcase name="testTitle" time="2.941" classname="com.test.practice.SeleniumWithJenkins"/>
</testsuite> <!-- com.test.practice.SeleniumWithJenkins -->
