<?xml version="1.0" encoding="UTF-8"?>
<!-- Generated by org.testng.reporters.JUnitReportReporter -->
<testsuite hostname="NaNeNu.local" name="com.test.extentReports.ExtentReportsDemo" tests="1" failures="0" timestamp="6 Jun 2016 21:48:44 GMT" time="6.985" errors="0">
  <testcase name="wordpressLoginReport" time="6.985" classname="com.test.extentReports.ExtentReportsDemo"/>
</testsuite> <!-- com.test.extentReports.ExtentReportsDemo -->
